<?xml version="1.0" encoding="UTF-8"?>
<!-- Generated by org.testng.reporters.JUnitXMLReporter -->
<testsuite hostname="shwetha" name="Default test" tests="3" failures="0" timestamp="27 Sep 2014 00:21:26 GMT" time="0.116" errors="0">
  <testcase name="@BeforeMethod openbrowser" time="0.0" classname="selenium.WebDriverTest">
    <failure type="org.testng.TestNGException" message="
Parameter &amp;apos;Browser&amp;apos; is required by @Configuration on method openbrowser but has not been marked @Optional or defined
in C:\Users\shwetha p\AppData\Local\Temp\testng-eclipse-1640553112\testng-customsuite.xml">
      <![CDATA[org.testng.TestNGException: 
Parameter 'Browser' is required by @Configuration on method openbrowser but has not been marked @Optional or defined
in C:\Users\shwetha p\AppData\Local\Temp\testng-eclipse-1640553112\testng-customsuite.xml
	at org.testng.internal.Parameters.createParameters(Parameters.java:155)
	at org.testng.internal.Parameters.createParameters(Parameters.java:358)
	at org.testng.internal.Parameters.createConfigurationParameters(Parameters.java:86)
	at org.testng.internal.Invoker.invokeConfigurations(Invoker.java:199)
	at org.testng.internal.Invoker.invokeMethod(Invoker.java:653)
	at org.testng.internal.Invoker.invokeTestMethod(Invoker.java:901)
	at org.testng.internal.Invoker.invokeTestMethods(Invoker.java:1231)
	at org.testng.internal.TestMethodWorker.invokeTestMethods(TestMethodWorker.java:127)
	at org.testng.internal.TestMethodWorker.run(TestMethodWorker.java:111)
	at org.testng.TestRunner.privateRun(TestRunner.java:767)
	at org.testng.TestRunner.run(TestRunner.java:617)
	at org.testng.SuiteRunner.runTest(SuiteRunner.java:334)
	at org.testng.SuiteRunner.runSequentially(SuiteRunner.java:329)
	at org.testng.SuiteRunner.privateRun(SuiteRunner.java:291)
	at org.testng.SuiteRunner.run(SuiteRunner.java:240)
	at org.testng.SuiteRunnerWorker.runSuite(SuiteRunnerWorker.java:52)
	at org.testng.SuiteRunnerWorker.run(SuiteRunnerWorker.java:86)
	at org.testng.TestNG.runSuitesSequentially(TestNG.java:1224)
	at org.testng.TestNG.runSuitesLocally(TestNG.java:1149)
	at org.testng.TestNG.run(TestNG.java:1057)
	at org.testng.remote.RemoteTestNG.run(RemoteTestNG.java:111)
	at org.testng.remote.RemoteTestNG.initAndRun(RemoteTestNG.java:204)
	at org.testng.remote.RemoteTestNG.main(RemoteTestNG.java:175)
]]>
    </failure>
  </testcase> <!-- @BeforeMethod openbrowser -->
  <testcase name="@AfterMethod closebrowser" time="0.0" classname="selenium.WebDriverTest">
    <skipped/>
  </testcase> <!-- @AfterMethod closebrowser -->
  <testcase name="@BeforeMethod openbrowser" time="0.0" classname="selenium.WebDriverTest">
    <skipped/>
  </testcase> <!-- @BeforeMethod openbrowser -->
  <testcase name="@AfterMethod closebrowser" time="0.0" classname="selenium.WebDriverTest">
    <skipped/>
  </testcase> <!-- @AfterMethod closebrowser -->
  <testcase name="@BeforeMethod openbrowser" time="0.0" classname="selenium.WebDriverTest">
    <skipped/>
  </testcase> <!-- @BeforeMethod openbrowser -->
  <testcase name="@AfterMethod closebrowser" time="0.0" classname="selenium.WebDriverTest">
    <skipped/>
  </testcase> <!-- @AfterMethod closebrowser -->
  <testcase name="RegisterTest" time="0.017" classname="selenium.WebDriverTest">
    <skipped/>
  </testcase> <!-- RegisterTest -->
  <testcase name="TestWiki" time="0.002" classname="selenium.WebDriverTest">
    <skipped/>
  </testcase> <!-- TestWiki -->
  <testcase name="print1" time="0.002" classname="selenium.WebDriverTest">
    <skipped/>
  </testcase> <!-- print1 -->
</testsuite> <!-- Default test -->
