<!DOCTYPE html PUBLIC "-//W3C//DTD XHTML 1.1//EN" "http://www.w3.org/TR/xhtml11/DTD/xhtml11.dtd">
<html xmlns="http://www.w3.org/1999/xhtml"><head><title>TestNG Report</title><style type="text/css">table {margin-bottom:10px;border-collapse:collapse;empty-cells:show}th,td {border:1px solid #009;padding:.25em .5em}th {vertical-align:bottom}td {vertical-align:top}table a {font-weight:bold}.stripe td {background-color: #E6EBF9}.num {text-align:right}.passedodd td {background-color: #3F3}.passedeven td {background-color: #0A0}.skippedodd td {background-color: #DDD}.skippedeven td {background-color: #CCC}.failedodd td,.attn {background-color: #F33}.failedeven td,.stripe .attn {background-color: #D00}.stacktrace {white-space:pre;font-family:monospace}.totop {font-size:85%;text-align:center;border-bottom:2px solid #000}</style></head><body><table><tr><th>Test</th><th># Passed</th><th># Skipped</th><th># Failed</th><th>Time (ms)</th><th>Included Groups</th><th>Excluded Groups</th></tr><tr><th colspan="7">Wikipidea Test</th></tr><tr><td><a href="#t0">Wiki in firefox</a></td><td class="num">0</td><td class="num">0</td><td class="num attn">2</td><td class="num">184,398</td><td></td><td></td></tr></table><table><thead><tr><th>Class</th><th>Method</th><th>Start</th><th>Time (ms)</th></tr></thead><tbody><tr><th colspan="4">Wikipidea Test</th></tr></tbody><tbody id="t0"><tr><th colspan="4">Wiki in firefox &#8212; failed</th></tr><tr class="failedeven"><td rowspan="2">selenium.WebDriverTest</td><td><a href="#m0">RegistrationTestNew</a></td><td rowspan="2">1412205798629</td><td rowspan="2">128288</td></tr><tr class="failedeven"><td><a href="#m1">RegistrationTestNew</a></td></tr></tbody></table><h2>Wiki in firefox</h2><h3 id="m0">selenium.WebDriverTest#RegistrationTestNew</h3><table class="result"><tr class="param"><th>Parameter #1</th></tr><tr class="param stripe"><td>dataobject.RegistratinData@1f8592a5</td></tr><tr><th>Exception</th></tr><tr><td><div class="stacktrace">java.lang.AssertionError
	at selenium.WebDriverTest.RegistrationTestNew(WebDriverTest.java:28)
	at java.util.concurrent.FutureTask.run(Unknown Source)
	at java.util.concurrent.ThreadPoolExecutor.runWorker(Unknown Source)
	at java.util.concurrent.ThreadPoolExecutor$Worker.run(Unknown Source)
	at java.lang.Thread.run(Unknown Source)
... Removed 16 stack frames</div></td></tr></table><p class="totop"><a href="#summary">back to summary</a></p><h3 id="m1">selenium.WebDriverTest#RegistrationTestNew</h3><table class="result"><tr class="param"><th>Parameter #1</th></tr><tr class="param stripe"><td>dataobject.RegistratinData@4ffceb1f</td></tr><tr><th>Exception</th></tr><tr><td><div class="stacktrace">java.lang.AssertionError
	at selenium.WebDriverTest.RegistrationTestNew(WebDriverTest.java:28)
	at java.util.concurrent.FutureTask.run(Unknown Source)
	at java.util.concurrent.ThreadPoolExecutor.runWorker(Unknown Source)
	at java.util.concurrent.ThreadPoolExecutor$Worker.run(Unknown Source)
	at java.lang.Thread.run(Unknown Source)
... Removed 16 stack frames</div></td></tr></table><p class="totop"><a href="#summary">back to summary</a></p></body></html>