<?xml version="1.0" encoding="UTF-8"?>
<testng-results skipped="0" failed="2" total="2" passed="0">
  <reporter-output>
  </reporter-output>
  <suite name="Wikipidea Test" duration-ms="184398" started-at="2014-10-01T23:22:54Z" finished-at="2014-10-01T23:25:59Z">
    <groups>
    </groups>
    <test name="Wiki in firefox" duration-ms="184398" started-at="2014-10-01T23:22:54Z" finished-at="2014-10-01T23:25:59Z">
      <class name="selenium.WebDriverTest">
        <test-method status="PASS" signature="openbrowser(char)[pri:0, instance:selenium.WebDriverTest@50675690]" name="openbrowser" is-config="true" duration-ms="23782" started-at="2014-10-01T16:22:54Z" finished-at="2014-10-01T16:23:18Z">
          <params>
            <param index="0">
              <value>
                <![CDATA[f]]>
              </value>
            </param>
          </params>
          <reporter-output>
          </reporter-output>
        </test-method> <!-- openbrowser -->
        <test-method status="FAIL" signature="RegistrationTestNew(dataobject.RegistratinData)[pri:0, instance:selenium.WebDriverTest@50675690]" name="RegistrationTestNew" duration-ms="128288" started-at="2014-10-01T16:23:18Z" data-provider="regdata" finished-at="2014-10-01T16:25:26Z">
          <params>
            <param index="0">
              <value>
                <![CDATA[dataobject.RegistratinData@1f8592a5]]>
              </value>
            </param>
          </params>
          <exception class="java.lang.AssertionError">
            <full-stacktrace>
              <![CDATA[java.lang.AssertionError
	at selenium.WebDriverTest.RegistrationTestNew(WebDriverTest.java:28)
	at sun.reflect.NativeMethodAccessorImpl.invoke0(Native Method)
	at sun.reflect.NativeMethodAccessorImpl.invoke(Unknown Source)
	at sun.reflect.DelegatingMethodAccessorImpl.invoke(Unknown Source)
	at java.lang.reflect.Method.invoke(Unknown Source)
	at org.testng.internal.MethodInvocationHelper.invokeMethod(MethodInvocationHelper.java:84)
	at org.testng.internal.Invoker.invokeMethod(Invoker.java:714)
	at org.testng.internal.Invoker.invokeTestMethod(Invoker.java:901)
	at org.testng.internal.Invoker.invokeTestMethods(Invoker.java:1231)
	at org.testng.internal.TestMethodWorker.invokeTestMethods(TestMethodWorker.java:127)
	at org.testng.internal.TestMethodWorker.run(TestMethodWorker.java:111)
	at org.testng.TestRunner.privateRun(TestRunner.java:767)
	at org.testng.TestRunner.run(TestRunner.java:617)
	at org.testng.SuiteRunner.runTest(SuiteRunner.java:334)
	at org.testng.SuiteRunner.access$000(SuiteRunner.java:37)
	at org.testng.SuiteRunner$SuiteWorker.run(SuiteRunner.java:368)
	at org.testng.internal.thread.ThreadUtil$2.call(ThreadUtil.java:64)
	at java.util.concurrent.FutureTask.run(Unknown Source)
	at java.util.concurrent.ThreadPoolExecutor.runWorker(Unknown Source)
	at java.util.concurrent.ThreadPoolExecutor$Worker.run(Unknown Source)
	at java.lang.Thread.run(Unknown Source)
]]>
            </full-stacktrace>
          </exception> <!-- java.lang.AssertionError -->
          <reporter-output>
          </reporter-output>
        </test-method> <!-- RegistrationTestNew -->
        <test-method status="PASS" signature="closebrowser(org.testng.ITestResult)[pri:0, instance:selenium.WebDriverTest@50675690]" name="closebrowser" is-config="true" duration-ms="914" started-at="2014-10-01T16:25:26Z" finished-at="2014-10-01T16:25:27Z">
          <params>
            <param index="0">
              <value>
                <![CDATA[[TestResult name=RegistrationTestNew status=FAILURE method=WebDriverTest.RegistrationTestNew(dataobject.RegistratinData)[pri:0, instance:selenium.WebDriverTest@50675690] output={null}]]]>
              </value>
            </param>
          </params>
          <reporter-output>
          </reporter-output>
        </test-method> <!-- closebrowser -->
        <test-method status="PASS" signature="openbrowser(char)[pri:0, instance:selenium.WebDriverTest@50675690]" name="openbrowser" is-config="true" duration-ms="20160" started-at="2014-10-01T16:25:27Z" finished-at="2014-10-01T16:25:47Z">
          <params>
            <param index="0">
              <value>
                <![CDATA[f]]>
              </value>
            </param>
          </params>
          <reporter-output>
          </reporter-output>
        </test-method> <!-- openbrowser -->
        <test-method status="FAIL" signature="RegistrationTestNew(dataobject.RegistratinData)[pri:0, instance:selenium.WebDriverTest@50675690]" name="RegistrationTestNew" duration-ms="10336" started-at="2014-10-01T16:25:47Z" data-provider="regdata" finished-at="2014-10-01T16:25:58Z">
          <params>
            <param index="0">
              <value>
                <![CDATA[dataobject.RegistratinData@4ffceb1f]]>
              </value>
            </param>
          </params>
          <exception class="java.lang.AssertionError">
            <full-stacktrace>
              <![CDATA[java.lang.AssertionError
	at selenium.WebDriverTest.RegistrationTestNew(WebDriverTest.java:28)
	at sun.reflect.NativeMethodAccessorImpl.invoke0(Native Method)
	at sun.reflect.NativeMethodAccessorImpl.invoke(Unknown Source)
	at sun.reflect.DelegatingMethodAccessorImpl.invoke(Unknown Source)
	at java.lang.reflect.Method.invoke(Unknown Source)
	at org.testng.internal.MethodInvocationHelper.invokeMethod(MethodInvocationHelper.java:84)
	at org.testng.internal.Invoker.invokeMethod(Invoker.java:714)
	at org.testng.internal.Invoker.invokeTestMethod(Invoker.java:901)
	at org.testng.internal.Invoker.invokeTestMethods(Invoker.java:1231)
	at org.testng.internal.TestMethodWorker.invokeTestMethods(TestMethodWorker.java:127)
	at org.testng.internal.TestMethodWorker.run(TestMethodWorker.java:111)
	at org.testng.TestRunner.privateRun(TestRunner.java:767)
	at org.testng.TestRunner.run(TestRunner.java:617)
	at org.testng.SuiteRunner.runTest(SuiteRunner.java:334)
	at org.testng.SuiteRunner.access$000(SuiteRunner.java:37)
	at org.testng.SuiteRunner$SuiteWorker.run(SuiteRunner.java:368)
	at org.testng.internal.thread.ThreadUtil$2.call(ThreadUtil.java:64)
	at java.util.concurrent.FutureTask.run(Unknown Source)
	at java.util.concurrent.ThreadPoolExecutor.runWorker(Unknown Source)
	at java.util.concurrent.ThreadPoolExecutor$Worker.run(Unknown Source)
	at java.lang.Thread.run(Unknown Source)
]]>
            </full-stacktrace>
          </exception> <!-- java.lang.AssertionError -->
          <reporter-output>
          </reporter-output>
        </test-method> <!-- RegistrationTestNew -->
        <test-method status="PASS" signature="closebrowser(org.testng.ITestResult)[pri:0, instance:selenium.WebDriverTest@50675690]" name="closebrowser" is-config="true" duration-ms="846" started-at="2014-10-01T16:25:58Z" finished-at="2014-10-01T16:25:59Z">
          <params>
            <param index="0">
              <value>
                <![CDATA[[TestResult name=RegistrationTestNew status=FAILURE method=WebDriverTest.RegistrationTestNew(dataobject.RegistratinData)[pri:0, instance:selenium.WebDriverTest@50675690] output={null}]]]>
              </value>
            </param>
          </params>
          <reporter-output>
          </reporter-output>
        </test-method> <!-- closebrowser -->
      </class> <!-- selenium.WebDriverTest -->
    </test> <!-- Wiki in firefox -->
  </suite> <!-- Wikipidea Test -->
</testng-results>
